<?xml version="1.0" encoding="UTF-8"?>
<!-- Generated by org.testng.reporters.JUnitXMLReporter -->
<testsuite ignored="0" hostname="DESKTOP-Q6BQMCF" failures="1" tests="1" name="Test" time="158.475" errors="0" timestamp="2024-10-18T19:16:46 EDT">
  <testcase classname="pagesTest.HomePageTest" name="clickLogInFromTollberTest" time="151.239">
    <failure type="java.lang.AssertionError" message="null">
      <![CDATA[java.lang.AssertionError: null
at common.CommonActions.selectDropdown(CommonActions.java:208)
at pages.HomePage.OppenApplicationPageandClickSubmitButton(HomePage.java:314)
at pagesTest.HomePageTest.clickLogInFromTollberTest(HomePageTest.java:13)
at java.base/java.util.ArrayList.forEach(ArrayList.java:1541)
... Removed 29 stack frames]]>
    </failure>
  </testcase> <!-- clickLogInFromTollberTest -->
</testsuite> <!-- Test -->
