<html>
<head>
<title>TestNG:  Test</title>
<link href="../testng.css" rel="stylesheet" type="text/css" />
<link href="../my-testng.css" rel="stylesheet" type="text/css" />

<style type="text/css">
.log { display: none;} 
.stack-trace { display: none;} 
</style>
<script type="text/javascript">
<!--
function flip(e) {
  current = e.style.display;
  if (current == 'block') {
    e.style.display = 'none';
    return 0;
  }
  else {
    e.style.display = 'block';
    return 1;
  }
}

function toggleBox(szDivId, elem, msg1, msg2)
{
  var res = -1;  if (document.getElementById) {
    res = flip(document.getElementById(szDivId));
  }
  else if (document.all) {
    // this is the way old msie versions work
    res = flip(document.all[szDivId]);
  }
  if(elem) {
    if(res == 0) elem.innerHTML = msg1; else elem.innerHTML = msg2;
  }

}

function toggleAllBoxes() {
  if (document.getElementsByTagName) {
    d = document.getElementsByTagName('div');
    for (i = 0; i < d.length; i++) {
      if (d[i].className == 'log') {
        flip(d[i]);
      }
    }
  }
}

// -->
</script>

</head>
<body>
<h2 align='center'>Test</h2><table border='1' align="center">
<tr>
<td>Tests passed/Failed/Skipped:</td><td>0/1/0</td>
</tr><tr>
<td>Started on:</td><td>Fri Oct 18 19:14:07 EDT 2024</td>
</tr>
<tr><td>Total time:</td><td>158 seconds (158475 ms)</td>
</tr><tr>
<td>Included groups:</td><td></td>
</tr><tr>
<td>Excluded groups:</td><td></td>
</tr>
</table><p/>
<small><i>(Hover the method name to see the test class name)</i></small><p/>
<table width='100%' border='1' class='invocation-failed'>
<tr><td colspan='4' align='center'><b>FAILED TESTS</b></td></tr>
<tr><td><b>Test method</b></td>
<td><b>Attribute(s)</b></td>
<td width="30%"><b>Exception</b></td>
<td width="10%"><b>Time (seconds)</b></td>
<td><b>Instance</b></td>
</tr>
<tr>
<td title='pagesTest.HomePageTest.clickLogInFromTollberTest()'><b>clickLogInFromTollberTest</b><br>Test class: pagesTest.HomePageTest<br/>
<a href="#Output-1874542689" onClick='toggleBox("Output-1874542689", this, "Show output", "Hide output");'>Show output</a>

<a href="#Output-1874542689" onClick="toggleAllBoxes();">Show all outputs</a>
<div class='log' id="Output-1874542689">
[[EdgeDriver: MicrosoftEdge on windows (c293ef023ecaf2874291b938b8574574)] -> id: login-link]<-------> has been clicked<br><br/>
Actual Title is : Enthrall IT ---> And Expected Title is :Enthrall IT<br><br/>
Sleeping ... zZz 3000<br><br/>
Sleeping ... zZz 4000<br><br/>
Sleeping ... zZz 3000<br><br/>
Sleeping ... zZz 4000<br><br/>
Sleeping ... zZz 3000<br><br/>
[[EdgeDriver: MicrosoftEdge on windows (c293ef023ecaf2874291b938b8574574)] -> partial link text: Enroll]<-------> has been clicked<br><br/>
Sleeping ... zZz 3000<br><br/>
Sleeping ... zZz 3000<br><br/>
Sleeping ... zZz 3000<br><br/>
Sleeping ... zZz 3000<br><br/>
Shahnaz <-----> has been put into <-----> [[EdgeDriver: MicrosoftEdge on windows (c293ef023ecaf2874291b938b8574574)] -> xpath: //input[@name='f_name']]<br><br/>
Sleeping ... zZz 4000<br><br/>
 <-----> has been put into <-----> [[EdgeDriver: MicrosoftEdge on windows (c293ef023ecaf2874291b938b8574574)] -> xpath: //input[@id='id_m_name']]<br><br/>
Sleeping ... zZz 4000<br><br/>
Akter <-----> has been put into <-----> [[EdgeDriver: MicrosoftEdge on windows (c293ef023ecaf2874291b938b8574574)] -> xpath: //input[@id='id_l_name']]<br><br/>
Sleeping ... zZz 3000<br><br/>
a Student has been selected from the dropdown of ---> [[EdgeDriver: MicrosoftEdge on windows (c293ef023ecaf2874291b938b8574574)] -> xpath: //select[@name='i_am']]<br><br/>
Sleeping ... zZz 3000<br><br/>
Sleeping ... zZz 300<br><br/>
Python has been selected from the dropdown of ---> [[EdgeDriver: MicrosoftEdge on windows (c293ef023ecaf2874291b938b8574574)] -> xpath: //select[@id='id_course_wish_to_enroll']]<br><br/>
Sleeping ... zZz 3000<br><br/>
6092332201 <-----> has been put into <-----> [[EdgeDriver: MicrosoftEdge on windows (c293ef023ecaf2874291b938b8574574)] -> xpath: //input[@id='id_phone']]<br><br/>
Sleeping ... zZz 3000<br><br/>
shhnzaktr@gmail.com <-----> has been put into <-----> [[EdgeDriver: MicrosoftEdge on windows (c293ef023ecaf2874291b938b8574574)] -> xpath: //input[@id='id_email']]<br><br/>
Sleeping ... zZz 3000<br><br/>
Proxy element for: DefaultElementLocator 'By.xpath: //input[@id='password']'<----------> has not been found becuase of ...
no such element: Unable to locate element: {"method":"xpath","selector":"//input[@id='password']"}
  (Session info: MicrosoftEdge=129.0.2792.65)
For documentation on this error, please visit: https://www.selenium.dev/documentation/webdriver/troubleshooting/errors#no-such-element-exception
Build info: version: '4.22.0', revision: 'c5f3146703*'
System info: os.name: 'Windows 11', os.arch: 'amd64', os.version: '10.0', java.version: '11.0.22'
Driver info: org.openqa.selenium.edge.EdgeDriver
Command: [c293ef023ecaf2874291b938b8574574, findElement {using=xpath, value=//input[@id='password']}]
Capabilities {acceptInsecureCerts: false, browserName: MicrosoftEdge, browserVersion: 129.0.2792.65, fedcm:accounts: true, ms:edgeOptions: {debuggerAddress: localhost:56216}, msedge: {msedgedriverVersion: 129.0.2792.89 (65986ec8d2a8..., userDataDir: C:\Users\shahn\AppData\Loca...}, networkConnectionEnabled: false, pageLoadStrategy: normal, platformName: windows, proxy: Proxy(), se:cdp: ws://localhost:56216/devtoo..., se:cdpVersion: 129.0.2792.65, setWindowRect: true, strictFileInteractability: false, timeouts: {implicit: 0, pageLoad: 300000, script: 30000}, unhandledPromptBehavior: dismiss and notify, webauthn:extension:credBlob: true, webauthn:extension:largeBlob: true, webauthn:extension:minPinLength: true, webauthn:extension:prf: true, webauthn:virtualAuthenticators: true}
Session ID: c293ef023ecaf2874291b938b8574574<br><br/>
Sleeping ... zZz 3000<br><br/>
Female has been selected from the dropdown of ---> [[EdgeDriver: MicrosoftEdge on windows (c293ef023ecaf2874291b938b8574574)] -> xpath: //select[@id='id_gender']]<br><br/>
Sleeping ... zZz 3000<br><br/>
Sleeping ... zZz 4000<br><br/>
Sleeping ... zZz 3000<br><br/>
Sleeping ... zZz 4000<br><br/>
Sleeping ... zZz 3000<br><br/>
1987 has been selected from the dropdown of ---> [[EdgeDriver: MicrosoftEdge on windows (c293ef023ecaf2874291b938b8574574)] -> xpath: //select[@id='id_birth_year']]<br><br/>
Sleeping ... zZz 3000<br><br/>
[[EdgeDriver: MicrosoftEdge on windows (c293ef023ecaf2874291b938b8574574)] -> xpath: //select[@id='id_birth_month']] : This element Not Found<br><br/>
</div>
</td>
<td><div><pre>java.lang.AssertionError: null
	at common.CommonActions.selectDropdown(CommonActions.java:208)
	at pages.HomePage.OppenApplicationPageandClickSubmitButton(HomePage.java:314)
	at pagesTest.HomePageTest.clickLogInFromTollberTest(HomePageTest.java:13)
	at java.base/java.util.ArrayList.forEach(ArrayList.java:1541)
... Removed 29 stack frames</pre></div><a href='#' onClick='toggleBox("stack-trace1874542689", this, "Click to show all stack frames", "Click to hide stack frames")'>Click to show all stack frames</a>
<div class='stack-trace' id='stack-trace1874542689'><pre>java.lang.AssertionError: null
	at org.testng.Assert.fail(Assert.java:111)
	at org.testng.Assert.fail(Assert.java:116)
	at common.CommonActions.selectDropdown(CommonActions.java:208)
	at pages.HomePage.OppenApplicationPageandClickSubmitButton(HomePage.java:314)
	at pagesTest.HomePageTest.clickLogInFromTollberTest(HomePageTest.java:13)
	at java.base/jdk.internal.reflect.NativeMethodAccessorImpl.invoke0(Native Method)
	at java.base/jdk.internal.reflect.NativeMethodAccessorImpl.invoke(NativeMethodAccessorImpl.java:62)
	at java.base/jdk.internal.reflect.DelegatingMethodAccessorImpl.invoke(DelegatingMethodAccessorImpl.java:43)
	at java.base/java.lang.reflect.Method.invoke(Method.java:566)
	at org.testng.internal.invokers.MethodInvocationHelper.invokeMethod(MethodInvocationHelper.java:141)
	at org.testng.internal.invokers.TestInvoker.invokeMethod(TestInvoker.java:686)
	at org.testng.internal.invokers.TestInvoker.invokeTestMethod(TestInvoker.java:230)
	at org.testng.internal.invokers.MethodRunner.runInSequence(MethodRunner.java:63)
	at org.testng.internal.invokers.TestInvoker$MethodInvocationAgent.invoke(TestInvoker.java:992)
	at org.testng.internal.invokers.TestInvoker.invokeTestMethods(TestInvoker.java:203)
	at org.testng.internal.invokers.TestMethodWorker.invokeTestMethods(TestMethodWorker.java:154)
	at org.testng.internal.invokers.TestMethodWorker.run(TestMethodWorker.java:134)
	at java.base/java.util.ArrayList.forEach(ArrayList.java:1541)
	at org.testng.TestRunner.privateRun(TestRunner.java:739)
	at org.testng.TestRunner.run(TestRunner.java:614)
	at org.testng.SuiteRunner.runTest(SuiteRunner.java:421)
	at org.testng.SuiteRunner.runSequentially(SuiteRunner.java:413)
	at org.testng.SuiteRunner.privateRun(SuiteRunner.java:373)
	at org.testng.SuiteRunner.run(SuiteRunner.java:312)
	at org.testng.SuiteRunnerWorker.runSuite(SuiteRunnerWorker.java:52)
	at org.testng.SuiteRunnerWorker.run(SuiteRunnerWorker.java:95)
	at org.testng.TestNG.runSuitesSequentially(TestNG.java:1274)
	at org.testng.TestNG.runSuitesLocally(TestNG.java:1208)
	at org.testng.TestNG.runSuites(TestNG.java:1112)
	at org.testng.TestNG.run(TestNG.java:1079)
	at org.testng.remote.AbstractRemoteTestNG.run(AbstractRemoteTestNG.java:115)
	at org.testng.remote.RemoteTestNG.initAndRun(RemoteTestNG.java:293)
	at org.testng.remote.RemoteTestNG.main(RemoteTestNG.java:91)
</pre></div></td>
<td>151</td>
<td>pagesTest.HomePageTest@6e535154</td></tr>
</table><p>
</body>
</html>